{"/home/andre/Documents/cursos coursera/princ-dev-agil-de-sw/backend/src/app.js": {"path":"/home/andre/Documents/cursos coursera/princ-dev-agil-de-sw/backend/src/app.js","statementMap":{"0":{"start":{"line":1,"column":16},"end":{"line":1,"column":34}},"1":{"start":{"line":2,"column":19},"end":{"line":2,"column":41}},"2":{"start":{"line":4,"column":12},"end":{"line":4,"column":21}},"3":{"start":{"line":6,"column":0},"end":{"line":6,"column":27}},"4":{"start":{"line":8,"column":0},"end":{"line":8,"column":22}},"5":{"start":{"line":10,"column":0},"end":{"line":10,"column":27}},"6":{"start":{"line":11,"column":0},"end":{"line":11,"column":52}},"7":{"start":{"line":13,"column":15},"end":{"line":13,"column":34}},"8":{"start":{"line":15,"column":0},"end":{"line":15,"column":16}},"9":{"start":{"line":17,"column":0},"end":{"line":17,"column":21}}},"fnMap":{},"branchMap":{},"s":{"0":1,"1":1,"2":1,"3":1,"4":1,"5":1,"6":1,"7":1,"8":1,"9":1},"f":{},"b":{},"_coverageSchema":"1a1c01bbd47fc00a2c39e90264f33305004495a9","hash":"904de7b23145a162534c21ae392f72f33373dff5"}
,"/home/andre/Documents/cursos coursera/princ-dev-agil-de-sw/backend/src/routes.js": {"path":"/home/andre/Documents/cursos coursera/princ-dev-agil-de-sw/backend/src/routes.js","statementMap":{"0":{"start":{"line":1,"column":16},"end":{"line":1,"column":34}},"1":{"start":{"line":3,"column":15},"end":{"line":3,"column":31}},"2":{"start":{"line":5,"column":23},"end":{"line":5,"column":62}},"3":{"start":{"line":7,"column":0},"end":{"line":9,"column":3}},"4":{"start":{"line":8,"column":3},"end":{"line":8,"column":49}},"5":{"start":{"line":11,"column":0},"end":{"line":11,"column":56}},"6":{"start":{"line":12,"column":0},"end":{"line":12,"column":54}},"7":{"start":{"line":13,"column":0},"end":{"line":13,"column":57}},"8":{"start":{"line":15,"column":0},"end":{"line":15,"column":24}}},"fnMap":{"0":{"name":"(anonymous_0)","decl":{"start":{"line":7,"column":16},"end":{"line":7,"column":17}},"loc":{"start":{"line":7,"column":30},"end":{"line":9,"column":1}},"line":7}},"branchMap":{},"s":{"0":1,"1":1,"2":1,"3":1,"4":0,"5":1,"6":1,"7":1,"8":1},"f":{"0":0},"b":{},"_coverageSchema":"1a1c01bbd47fc00a2c39e90264f33305004495a9","hash":"fabca8bd7c4ff43267314e2a60906daadcd4895f"}
,"/home/andre/Documents/cursos coursera/princ-dev-agil-de-sw/backend/src/config/database.js": {"path":"/home/andre/Documents/cursos coursera/princ-dev-agil-de-sw/backend/src/config/database.js","statementMap":{"0":{"start":{"line":1,"column":0},"end":{"line":1,"column":27}},"1":{"start":{"line":2,"column":0},"end":{"line":25,"column":2}}},"fnMap":{},"branchMap":{},"s":{"0":1,"1":1},"f":{},"b":{},"_coverageSchema":"1a1c01bbd47fc00a2c39e90264f33305004495a9","hash":"6b43b096c0d3b63271bf64f33bac2673a833dbbd"}
,"/home/andre/Documents/cursos coursera/princ-dev-agil-de-sw/backend/src/controllers/authController.js": {"path":"/home/andre/Documents/cursos coursera/princ-dev-agil-de-sw/backend/src/controllers/authController.js","statementMap":{"0":{"start":{"line":1,"column":15},"end":{"line":1,"column":42}},"1":{"start":{"line":3,"column":0},"end":{"line":52,"column":2}},"2":{"start":{"line":5,"column":31},"end":{"line":5,"column":39}},"3":{"start":{"line":7,"column":21},"end":{"line":12,"column":8}},"4":{"start":{"line":14,"column":6},"end":{"line":16,"column":7}},"5":{"start":{"line":15,"column":9},"end":{"line":15,"column":74}},"6":{"start":{"line":18,"column":6},"end":{"line":18,"column":42}},"7":{"start":{"line":22,"column":37},"end":{"line":22,"column":45}},"8":{"start":{"line":24,"column":21},"end":{"line":26,"column":8}},"9":{"start":{"line":27,"column":6},"end":{"line":29,"column":7}},"10":{"start":{"line":28,"column":9},"end":{"line":28,"column":74}},"11":{"start":{"line":31,"column":6},"end":{"line":45,"column":12}},"12":{"start":{"line":37,"column":12},"end":{"line":37,"column":33}},"13":{"start":{"line":38,"column":12},"end":{"line":40,"column":80}},"14":{"start":{"line":43,"column":12},"end":{"line":43,"column":29}},"15":{"start":{"line":44,"column":12},"end":{"line":44,"column":45}},"16":{"start":{"line":49,"column":22},"end":{"line":49,"column":44}},"17":{"start":{"line":50,"column":6},"end":{"line":50,"column":31}}},"fnMap":{"0":{"name":"(anonymous_0)","decl":{"start":{"line":4,"column":3},"end":{"line":4,"column":4}},"loc":{"start":{"line":4,"column":25},"end":{"line":19,"column":4}},"line":4},"1":{"name":"(anonymous_1)","decl":{"start":{"line":21,"column":3},"end":{"line":21,"column":4}},"loc":{"start":{"line":21,"column":29},"end":{"line":46,"column":4}},"line":21},"2":{"name":"(anonymous_2)","decl":{"start":{"line":36,"column":15},"end":{"line":36,"column":16}},"loc":{"start":{"line":36,"column":28},"end":{"line":41,"column":10}},"line":36},"3":{"name":"(anonymous_3)","decl":{"start":{"line":42,"column":16},"end":{"line":42,"column":17}},"loc":{"start":{"line":42,"column":25},"end":{"line":45,"column":10}},"line":42},"4":{"name":"(anonymous_4)","decl":{"start":{"line":48,"column":3},"end":{"line":48,"column":4}},"loc":{"start":{"line":48,"column":33},"end":{"line":51,"column":4}},"line":48}},"branchMap":{"0":{"loc":{"start":{"line":14,"column":6},"end":{"line":16,"column":7}},"type":"if","locations":[{"start":{"line":14,"column":6},"end":{"line":16,"column":7}},{"start":{"line":14,"column":6},"end":{"line":16,"column":7}}],"line":14},"1":{"loc":{"start":{"line":27,"column":6},"end":{"line":29,"column":7}},"type":"if","locations":[{"start":{"line":27,"column":6},"end":{"line":29,"column":7}},{"start":{"line":27,"column":6},"end":{"line":29,"column":7}}],"line":27}},"s":{"0":1,"1":1,"2":1,"3":1,"4":1,"5":0,"6":1,"7":1,"8":1,"9":1,"10":0,"11":1,"12":1,"13":1,"14":0,"15":0,"16":0,"17":0},"f":{"0":1,"1":1,"2":1,"3":0,"4":0},"b":{"0":[0,1],"1":[0,1]},"_coverageSchema":"1a1c01bbd47fc00a2c39e90264f33305004495a9","hash":"1eed9aa8bcbcbae9215d85c04749e6f5a4db677b"}
,"/home/andre/Documents/cursos coursera/princ-dev-agil-de-sw/backend/src/database/index.js": {"path":"/home/andre/Documents/cursos coursera/princ-dev-agil-de-sw/backend/src/database/index.js","statementMap":{"0":{"start":{"line":1,"column":18},"end":{"line":1,"column":38}},"1":{"start":{"line":2,"column":22},"end":{"line":2,"column":54}},"2":{"start":{"line":5,"column":3},"end":{"line":7,"column":33}},"3":{"start":{"line":9,"column":15},"end":{"line":9,"column":42}},"4":{"start":{"line":11,"column":19},"end":{"line":11,"column":40}},"5":{"start":{"line":13,"column":0},"end":{"line":13,"column":24}},"6":{"start":{"line":15,"column":0},"end":{"line":15,"column":28}}},"fnMap":{},"branchMap":{"0":{"loc":{"start":{"line":5,"column":3},"end":{"line":7,"column":33}},"type":"cond-expr","locations":[{"start":{"line":6,"column":8},"end":{"line":6,"column":26}},{"start":{"line":7,"column":8},"end":{"line":7,"column":33}}],"line":5}},"s":{"0":1,"1":1,"2":1,"3":1,"4":1,"5":1,"6":1},"f":{},"b":{"0":[1,0]},"_coverageSchema":"1a1c01bbd47fc00a2c39e90264f33305004495a9","hash":"6122b0ff68e5e5fc47950fe03851414fefe55d5b"}
,"/home/andre/Documents/cursos coursera/princ-dev-agil-de-sw/backend/src/models/Pessoa.js": {"path":"/home/andre/Documents/cursos coursera/princ-dev-agil-de-sw/backend/src/models/Pessoa.js","statementMap":{"0":{"start":{"line":1,"column":29},"end":{"line":1,"column":49}},"1":{"start":{"line":5,"column":6},"end":{"line":16,"column":8}},"2":{"start":{"line":20,"column":0},"end":{"line":20,"column":24}}},"fnMap":{"0":{"name":"(anonymous_0)","decl":{"start":{"line":4,"column":3},"end":{"line":4,"column":4}},"loc":{"start":{"line":4,"column":26},"end":{"line":17,"column":4}},"line":4}},"branchMap":{},"s":{"0":1,"1":1,"2":1},"f":{"0":1},"b":{},"_coverageSchema":"1a1c01bbd47fc00a2c39e90264f33305004495a9","hash":"f35b9cfe35459ea2f501f2af9c002e9be8eae27c"}
,"/home/andre/Documents/cursos coursera/princ-dev-agil-de-sw/backend/src/utils/calculaPontos.js": {"path":"/home/andre/Documents/cursos coursera/princ-dev-agil-de-sw/backend/src/utils/calculaPontos.js","statementMap":{"0":{"start":{"line":2,"column":21},"end":{"line":2,"column":22}},"1":{"start":{"line":3,"column":3},"end":{"line":3,"column":47}},"2":{"start":{"line":4,"column":3},"end":{"line":4,"column":22}},"3":{"start":{"line":7,"column":0},"end":{"line":7,"column":31}}},"fnMap":{"0":{"name":"calculaPontos","decl":{"start":{"line":1,"column":9},"end":{"line":1,"column":22}},"loc":{"start":{"line":1,"column":35},"end":{"line":5,"column":1}},"line":1}},"branchMap":{},"s":{"0":5,"1":5,"2":5,"3":1},"f":{"0":5},"b":{},"_coverageSchema":"1a1c01bbd47fc00a2c39e90264f33305004495a9","hash":"99ce85b786dd646f1aa6ccf9266e8bf42d9a0bb0"}
}
