TN:
SF:src/app.js
FNF:0
FNH:0
DA:1,1
DA:2,1
DA:4,1
DA:6,1
DA:8,1
DA:10,1
DA:11,1
DA:13,1
DA:15,1
DA:17,1
LF:10
LH:10
BRF:0
BRH:0
end_of_record
TN:
SF:src/routes.js
FN:7,(anonymous_0)
FNF:1
FNH:0
FNDA:0,(anonymous_0)
DA:1,1
DA:3,1
DA:5,1
DA:7,1
DA:8,0
DA:11,1
DA:12,1
DA:13,1
DA:15,1
LF:9
LH:8
BRF:0
BRH:0
end_of_record
TN:
SF:src/config/database.js
FNF:0
FNH:0
DA:1,1
DA:2,1
LF:2
LH:2
BRF:0
BRH:0
end_of_record
TN:
SF:src/controllers/authController.js
FN:4,(anonymous_0)
FN:21,(anonymous_1)
FN:36,(anonymous_2)
FN:42,(anonymous_3)
FN:48,(anonymous_4)
FNF:5
FNH:3
FNDA:1,(anonymous_0)
FNDA:1,(anonymous_1)
FNDA:1,(anonymous_2)
FNDA:0,(anonymous_3)
FNDA:0,(anonymous_4)
DA:1,1
DA:3,1
DA:5,1
DA:7,1
DA:14,1
DA:15,0
DA:18,1
DA:22,1
DA:24,1
DA:27,1
DA:28,0
DA:31,1
DA:37,1
DA:38,1
DA:43,0
DA:44,0
DA:49,0
DA:50,0
LF:18
LH:12
BRDA:14,0,0,0
BRDA:14,0,1,1
BRDA:27,1,0,0
BRDA:27,1,1,1
BRF:4
BRH:2
end_of_record
TN:
SF:src/database/index.js
FNF:0
FNH:0
DA:1,1
DA:2,1
DA:5,1
DA:9,1
DA:11,1
DA:13,1
DA:15,1
LF:7
LH:7
BRDA:5,0,0,1
BRDA:5,0,1,0
BRF:2
BRH:1
end_of_record
TN:
SF:src/models/Pessoa.js
FN:4,(anonymous_0)
FNF:1
FNH:1
FNDA:1,(anonymous_0)
DA:1,1
DA:5,1
DA:20,1
LF:3
LH:3
BRF:0
BRH:0
end_of_record
TN:
SF:src/utils/calculaPontos.js
FN:1,calculaPontos
FNF:1
FNH:1
FNDA:5,calculaPontos
DA:2,5
DA:3,5
DA:4,5
DA:7,1
LF:4
LH:4
BRF:0
BRH:0
end_of_record
